[2025-06-24 22:59:00] USER: Anonymous - ENTERING METHOD: UserAPI.registerUser(..) - ARGS: [com.example.assignment_2.Entity.User@658a4b09]
[2025-06-24 22:59:00] USER: Anonymous - ENTERING METHOD: UserService.registerUser(..) - ARGS: [com.example.assignment_2.Entity.User@658a4b09]
[2025-06-24 22:59:00] USER: Anonymous - ENTERING METHOD: UserRepository.addUser(..) - ARGS: [com.example.assignment_2.Entity.User@658a4b09]
[2025-06-24 22:59:02] USER: Anonymous - EXCEPTION in METHOD: UserRepository.addUser(..) - ERROR: PreparedStatementCallback; SQL [INSERT INTO user (userName, password, roleId,email ) VALUES (?, ?, ?, ?)]; Column 'userName' cannot be null
[2025-06-24 22:59:02] USER: Anonymous - EXCEPTION in METHOD: UserService.registerUser(..) - ERROR: PreparedStatementCallback; SQL [INSERT INTO user (userName, password, roleId,email ) VALUES (?, ?, ?, ?)]; Column 'userName' cannot be null
[2025-06-24 22:59:02] USER: Anonymous - EXCEPTION in METHOD: UserAPI.registerUser(..) - ERROR: PreparedStatementCallback; SQL [INSERT INTO user (userName, password, roleId,email ) VALUES (?, ?, ?, ?)]; Column 'userName' cannot be null
[2025-06-24 22:59:53] USER: Anonymous - ENTERING METHOD: UserAPI.registerUser(..) - ARGS: [com.example.assignment_2.Entity.User@b84bf02]
[2025-06-24 22:59:53] USER: Anonymous - ENTERING METHOD: UserService.registerUser(..) - ARGS: [com.example.assignment_2.Entity.User@b84bf02]
[2025-06-24 22:59:53] USER: Anonymous - ENTERING METHOD: UserRepository.addUser(..) - ARGS: [com.example.assignment_2.Entity.User@b84bf02]
[2025-06-24 22:59:53] USER: Anonymous - EXCEPTION in METHOD: UserRepository.addUser(..) - ERROR: PreparedStatementCallback; SQL [INSERT INTO user (userName, password, roleId,email ) VALUES (?, ?, ?, ?)]; Data truncation: Incorrect integer value: 'newuser@example.com' for column `enhanced_supershop`.`user`.`roleId` at row 1
[2025-06-24 22:59:53] USER: Anonymous - EXCEPTION in METHOD: UserService.registerUser(..) - ERROR: PreparedStatementCallback; SQL [INSERT INTO user (userName, password, roleId,email ) VALUES (?, ?, ?, ?)]; Data truncation: Incorrect integer value: 'newuser@example.com' for column `enhanced_supershop`.`user`.`roleId` at row 1
[2025-06-24 22:59:53] USER: Anonymous - EXCEPTION in METHOD: UserAPI.registerUser(..) - ERROR: PreparedStatementCallback; SQL [INSERT INTO user (userName, password, roleId,email ) VALUES (?, ?, ?, ?)]; Data truncation: Incorrect integer value: 'newuser@example.com' for column `enhanced_supershop`.`user`.`roleId` at row 1
[2025-06-24 23:00:30] USER: Anonymous - ENTERING METHOD: UserAPI.registerUser(..) - ARGS: [com.example.assignment_2.Entity.User@5a09ce0c]
[2025-06-24 23:00:30] USER: Anonymous - ENTERING METHOD: UserService.registerUser(..) - ARGS: [com.example.assignment_2.Entity.User@5a09ce0c]
[2025-06-24 23:00:30] USER: Anonymous - ENTERING METHOD: UserRepository.addUser(..) - ARGS: [com.example.assignment_2.Entity.User@5a09ce0c]
[2025-06-24 23:00:30] USER: Anonymous - EXCEPTION in METHOD: UserRepository.addUser(..) - ERROR: PreparedStatementCallback; SQL [INSERT INTO user (userName, password, roleId,email ) VALUES (?, ?, ?, ?)]; Data truncation: Incorrect integer value: 'newuser@example.com' for column `enhanced_supershop`.`user`.`roleId` at row 1
[2025-06-24 23:00:30] USER: Anonymous - EXCEPTION in METHOD: UserService.registerUser(..) - ERROR: PreparedStatementCallback; SQL [INSERT INTO user (userName, password, roleId,email ) VALUES (?, ?, ?, ?)]; Data truncation: Incorrect integer value: 'newuser@example.com' for column `enhanced_supershop`.`user`.`roleId` at row 1
[2025-06-24 23:00:30] USER: Anonymous - EXCEPTION in METHOD: UserAPI.registerUser(..) - ERROR: PreparedStatementCallback; SQL [INSERT INTO user (userName, password, roleId,email ) VALUES (?, ?, ?, ?)]; Data truncation: Incorrect integer value: 'newuser@example.com' for column `enhanced_supershop`.`user`.`roleId` at row 1
[2025-06-24 23:01:53] USER: Anonymous - ENTERING METHOD: UserAPI.registerUser(..) - ARGS: [com.example.assignment_2.Entity.User@4b76bb6f]
[2025-06-24 23:01:53] USER: Anonymous - ENTERING METHOD: UserService.registerUser(..) - ARGS: [com.example.assignment_2.Entity.User@4b76bb6f]
[2025-06-24 23:01:53] USER: Anonymous - ENTERING METHOD: UserRepository.addUser(..) - ARGS: [com.example.assignment_2.Entity.User@4b76bb6f]
[2025-06-24 23:01:54] USER: Anonymous - EXCEPTION in METHOD: UserRepository.addUser(..) - ERROR: PreparedStatementCallback; SQL [INSERT INTO user (userName, password, roleId,email ) VALUES (?, ?, ?, ?)]; Data truncation: Incorrect integer value: 'newuser@example.com' for column `enhanced_supershop`.`user`.`roleId` at row 1
[2025-06-24 23:01:54] USER: Anonymous - EXCEPTION in METHOD: UserService.registerUser(..) - ERROR: PreparedStatementCallback; SQL [INSERT INTO user (userName, password, roleId,email ) VALUES (?, ?, ?, ?)]; Data truncation: Incorrect integer value: 'newuser@example.com' for column `enhanced_supershop`.`user`.`roleId` at row 1
[2025-06-24 23:01:54] USER: Anonymous - EXCEPTION in METHOD: UserAPI.registerUser(..) - ERROR: PreparedStatementCallback; SQL [INSERT INTO user (userName, password, roleId,email ) VALUES (?, ?, ?, ?)]; Data truncation: Incorrect integer value: 'newuser@example.com' for column `enhanced_supershop`.`user`.`roleId` at row 1
[2025-06-24 23:03:08] USER: Anonymous - ENTERING METHOD: UserAPI.registerUser(..) - ARGS: [com.example.assignment_2.Entity.User@42f99f77]
[2025-06-24 23:03:08] USER: Anonymous - ENTERING METHOD: UserService.registerUser(..) - ARGS: [com.example.assignment_2.Entity.User@42f99f77]
[2025-06-24 23:03:08] USER: Anonymous - ENTERING METHOD: UserRepository.addUser(..) - ARGS: [com.example.assignment_2.Entity.User@42f99f77]
[2025-06-24 23:03:08] USER: Anonymous - EXCEPTION in METHOD: UserRepository.addUser(..) - ERROR: PreparedStatementCallback; SQL [INSERT INTO user (userName, password, roleId,email ) VALUES (?, ?, ?, ?)]; Data truncation: Incorrect integer value: 'newuser@example.com' for column `enhanced_supershop`.`user`.`roleId` at row 1
[2025-06-24 23:03:08] USER: Anonymous - EXCEPTION in METHOD: UserService.registerUser(..) - ERROR: PreparedStatementCallback; SQL [INSERT INTO user (userName, password, roleId,email ) VALUES (?, ?, ?, ?)]; Data truncation: Incorrect integer value: 'newuser@example.com' for column `enhanced_supershop`.`user`.`roleId` at row 1
[2025-06-24 23:03:08] USER: Anonymous - EXCEPTION in METHOD: UserAPI.registerUser(..) - ERROR: PreparedStatementCallback; SQL [INSERT INTO user (userName, password, roleId,email ) VALUES (?, ?, ?, ?)]; Data truncation: Incorrect integer value: 'newuser@example.com' for column `enhanced_supershop`.`user`.`roleId` at row 1
[2025-06-24 23:03:36] USER: Anonymous - ENTERING METHOD: UserAPI.registerUser(..) - ARGS: [com.example.assignment_2.Entity.User@80f4b90]
[2025-06-24 23:03:36] USER: Anonymous - ENTERING METHOD: UserService.registerUser(..) - ARGS: [com.example.assignment_2.Entity.User@80f4b90]
[2025-06-24 23:03:36] USER: Anonymous - ENTERING METHOD: UserRepository.addUser(..) - ARGS: [com.example.assignment_2.Entity.User@80f4b90]
[2025-06-24 23:03:36] USER: Anonymous - EXCEPTION in METHOD: UserRepository.addUser(..) - ERROR: PreparedStatementCallback; SQL [INSERT INTO user (userName, password, roleId,email ) VALUES (?, ?, ?, ?)]; Data truncation: Incorrect integer value: 'newuser@example.com' for column `enhanced_supershop`.`user`.`roleId` at row 1
[2025-06-24 23:03:36] USER: Anonymous - EXCEPTION in METHOD: UserService.registerUser(..) - ERROR: PreparedStatementCallback; SQL [INSERT INTO user (userName, password, roleId,email ) VALUES (?, ?, ?, ?)]; Data truncation: Incorrect integer value: 'newuser@example.com' for column `enhanced_supershop`.`user`.`roleId` at row 1
[2025-06-24 23:03:36] USER: Anonymous - EXCEPTION in METHOD: UserAPI.registerUser(..) - ERROR: PreparedStatementCallback; SQL [INSERT INTO user (userName, password, roleId,email ) VALUES (?, ?, ?, ?)]; Data truncation: Incorrect integer value: 'newuser@example.com' for column `enhanced_supershop`.`user`.`roleId` at row 1
[2025-06-24 23:05:59] USER: Anonymous - ENTERING METHOD: UserAPI.registerUser(..) - ARGS: [com.example.assignment_2.Entity.User@2772a822]
[2025-06-24 23:05:59] USER: Anonymous - ENTERING METHOD: UserService.registerUser(..) - ARGS: [com.example.assignment_2.Entity.User@2772a822]
[2025-06-24 23:05:59] USER: Anonymous - ENTERING METHOD: UserRepository.addUser(..) - ARGS: [com.example.assignment_2.Entity.User@2772a822]
[2025-06-24 23:05:59] USER: Anonymous - EXCEPTION in METHOD: UserRepository.addUser(..) - ERROR: PreparedStatementCallback; SQL [INSERT INTO user (userName, password, roleId,email ) VALUES (?, ?, ?, ?)]; Data truncation: Incorrect integer value: 'r@ple.com' for column `enhanced_supershop`.`user`.`roleId` at row 1
[2025-06-24 23:05:59] USER: Anonymous - EXCEPTION in METHOD: UserService.registerUser(..) - ERROR: PreparedStatementCallback; SQL [INSERT INTO user (userName, password, roleId,email ) VALUES (?, ?, ?, ?)]; Data truncation: Incorrect integer value: 'r@ple.com' for column `enhanced_supershop`.`user`.`roleId` at row 1
[2025-06-24 23:05:59] USER: Anonymous - EXCEPTION in METHOD: UserAPI.registerUser(..) - ERROR: PreparedStatementCallback; SQL [INSERT INTO user (userName, password, roleId,email ) VALUES (?, ?, ?, ?)]; Data truncation: Incorrect integer value: 'r@ple.com' for column `enhanced_supershop`.`user`.`roleId` at row 1
[2025-06-24 23:07:10] USER: Anonymous - ENTERING METHOD: UserAPI.registerUser(..) - ARGS: [com.example.assignment_2.Entity.User@4136a5bf]
[2025-06-24 23:07:10] USER: Anonymous - ENTERING METHOD: UserService.registerUser(..) - ARGS: [com.example.assignment_2.Entity.User@4136a5bf]
[2025-06-24 23:07:10] USER: Anonymous - ENTERING METHOD: UserRepository.addUser(..) - ARGS: [com.example.assignment_2.Entity.User@4136a5bf]
[2025-06-24 23:07:10] USER: Anonymous - EXCEPTION in METHOD: UserRepository.addUser(..) - ERROR: PreparedStatementCallback; SQL [INSERT INTO user (userName, password, roleId,email ) VALUES (?, ?, ?, ?)]; Data truncation: Incorrect integer value: 'r@ple.com' for column `enhanced_supershop`.`user`.`roleId` at row 1
[2025-06-24 23:07:10] USER: Anonymous - EXCEPTION in METHOD: UserService.registerUser(..) - ERROR: PreparedStatementCallback; SQL [INSERT INTO user (userName, password, roleId,email ) VALUES (?, ?, ?, ?)]; Data truncation: Incorrect integer value: 'r@ple.com' for column `enhanced_supershop`.`user`.`roleId` at row 1
[2025-06-24 23:07:10] USER: Anonymous - EXCEPTION in METHOD: UserAPI.registerUser(..) - ERROR: PreparedStatementCallback; SQL [INSERT INTO user (userName, password, roleId,email ) VALUES (?, ?, ?, ?)]; Data truncation: Incorrect integer value: 'r@ple.com' for column `enhanced_supershop`.`user`.`roleId` at row 1
[2025-06-24 23:08:35] USER: Anonymous - ENTERING METHOD: UserAPI.registerUser(..) - ARGS: [com.example.assignment_2.Entity.User@139b8b11]
[2025-06-24 23:08:35] USER: Anonymous - ENTERING METHOD: UserService.registerUser(..) - ARGS: [com.example.assignment_2.Entity.User@139b8b11]
[2025-06-24 23:08:35] USER: Anonymous - ENTERING METHOD: UserRepository.addUser(..) - ARGS: [com.example.assignment_2.Entity.User@139b8b11]
[2025-06-24 23:08:35] USER: Anonymous - EXCEPTION in METHOD: UserRepository.addUser(..) - ERROR: PreparedStatementCallback; SQL [INSERT INTO user (userName, password, roleId,email ) VALUES (?, ?, ?, ?)]; Data truncation: Incorrect integer value: 'r@ple.com' for column `enhanced_supershop`.`user`.`roleId` at row 1
[2025-06-24 23:08:35] USER: Anonymous - EXCEPTION in METHOD: UserService.registerUser(..) - ERROR: PreparedStatementCallback; SQL [INSERT INTO user (userName, password, roleId,email ) VALUES (?, ?, ?, ?)]; Data truncation: Incorrect integer value: 'r@ple.com' for column `enhanced_supershop`.`user`.`roleId` at row 1
[2025-06-24 23:08:35] USER: Anonymous - EXCEPTION in METHOD: UserAPI.registerUser(..) - ERROR: PreparedStatementCallback; SQL [INSERT INTO user (userName, password, roleId,email ) VALUES (?, ?, ?, ?)]; Data truncation: Incorrect integer value: 'r@ple.com' for column `enhanced_supershop`.`user`.`roleId` at row 1
[2025-06-24 23:08:59] USER: Anonymous - ENTERING METHOD: UserAPI.registerUser(..) - ARGS: [com.example.assignment_2.Entity.User@4ab6c9a5]
[2025-06-24 23:08:59] USER: Anonymous - ENTERING METHOD: UserService.registerUser(..) - ARGS: [com.example.assignment_2.Entity.User@4ab6c9a5]
[2025-06-24 23:08:59] USER: Anonymous - ENTERING METHOD: UserRepository.addUser(..) - ARGS: [com.example.assignment_2.Entity.User@4ab6c9a5]
[2025-06-24 23:09:00] USER: Anonymous - EXCEPTION in METHOD: UserRepository.addUser(..) - ERROR: PreparedStatementCallback; SQL [INSERT INTO user (userName, password, roleId,email ) VALUES (?, ?, ?, ?)]; Data truncation: Incorrect integer value: 'r@ple.com' for column `enhanced_supershop`.`user`.`roleId` at row 1
[2025-06-24 23:09:00] USER: Anonymous - EXCEPTION in METHOD: UserService.registerUser(..) - ERROR: PreparedStatementCallback; SQL [INSERT INTO user (userName, password, roleId,email ) VALUES (?, ?, ?, ?)]; Data truncation: Incorrect integer value: 'r@ple.com' for column `enhanced_supershop`.`user`.`roleId` at row 1
[2025-06-24 23:09:00] USER: Anonymous - EXCEPTION in METHOD: UserAPI.registerUser(..) - ERROR: PreparedStatementCallback; SQL [INSERT INTO user (userName, password, roleId,email ) VALUES (?, ?, ?, ?)]; Data truncation: Incorrect integer value: 'r@ple.com' for column `enhanced_supershop`.`user`.`roleId` at row 1
[2025-06-24 23:12:33] USER: Anonymous - ENTERING METHOD: UserAPI.registerUser(..) - ARGS: [com.example.assignment_2.Entity.User@2ead19c]
[2025-06-24 23:12:33] USER: Anonymous - ENTERING METHOD: UserService.registerUser(..) - ARGS: [com.example.assignment_2.Entity.User@2ead19c]
[2025-06-24 23:12:33] USER: Anonymous - ENTERING METHOD: UserRepository.addUser(..) - ARGS: [com.example.assignment_2.Entity.User@2ead19c]
[2025-06-24 23:12:33] USER: Anonymous - EXITING METHOD: UserRepository.addUser(..) - RETURN: null
[2025-06-24 23:12:33] USER: Anonymous - EXITING METHOD: UserService.registerUser(..) - RETURN: null
[2025-06-24 23:12:33] USER: Anonymous - EXITING METHOD: UserAPI.registerUser(..) - RETURN: null
[2025-06-24 23:14:42] USER: admin - ENTERING METHOD: UserAPI.getAllUsers() - ARGS: []
[2025-06-24 23:14:42] USER: admin - ENTERING METHOD: UserService.getAllUsers() - ARGS: []
[2025-06-24 23:14:42] USER: admin - ENTERING METHOD: UserRepository.getAll() - ARGS: []
[2025-06-24 23:14:42] USER: admin - EXITING METHOD: UserRepository.getAll() - RETURN: [com.example.assignment_2.Entity.User@5f0c37b]
[2025-06-24 23:14:42] USER: admin - EXITING METHOD: UserService.getAllUsers() - RETURN: [com.example.assignment_2.Entity.User@5f0c37b]
[2025-06-24 23:14:42] USER: admin - EXITING METHOD: UserAPI.getAllUsers() - RETURN: [com.example.assignment_2.Entity.User@5f0c37b]
